-------------------------------------------------------------------------------
Test set: Cucumber.options.TestRunner
-------------------------------------------------------------------------------
Tests run: 1, Failures: 0, Errors: 1, Skipped: 0, Time elapsed: 0.537 s <<< FAILURE! - in Cucumber.options.TestRunner
initializationError(Cucumber.options.TestRunner)  Time elapsed: 0.022 s  <<< ERROR!
io.cucumber.core.exception.CucumberException: Couldn't load plugin class: com.aventstack.extentreports.cucumber.adapter.ExtentCucumberAdapter
Caused by: java.lang.NoClassDefFoundError: cucumber/api/event/ConcurrentEventListener
Caused by: java.lang.ClassNotFoundException: cucumber.api.event.ConcurrentEventListener

