<?xml version="1.0" encoding="UTF-8"?>
<testsuite xmlns:xsi="http://www.w3.org/2001/XMLSchema-instance" xsi:noNamespaceSchemaLocation="https://maven.apache.org/surefire/maven-surefire-plugin/xsd/surefire-test-report.xsd" name="Cucumber.options.TestRunner" time="1,328.103" tests="30" errors="1" skipped="0" failures="0">
  <properties>
[...]
</properties>
  <testcase name="Create a user account by entering the values #1" classname="Create User" time="51.735"/>
  <testcase name="Create a user account by entering the values #2" classname="Create User" time="51.776"/>
  <testcase name="Create a user account by entering the values #3" classname="Create User" time="54.732"/>
  <testcase name="Create a user account by entering the values #4" classname="Create User" time="32.514"/>
  <testcase name="Create a user account by entering the values #5" classname="Create User" time="34.947"/>
  <testcase name="Create a user account by entering the values #6" classname="Create User" time="37.572"/>
  <testcase name="Create a user account by entering the values #7" classname="Create User" time="27.359"/>
  <testcase name="Create a user account by entering the values #8" classname="Create User" time="33.873"/>
  <testcase name="Create a user account by entering the values #9" classname="Create User" time="41.647"/>
  <testcase name="Create a user account by entering the values #10" classname="Create User" time="29.348"/>
  <testcase name="Writing the all links name present in the home page into the notepad #1" classname="Create User" time="49.636"/>
  <testcase name="Writing the all links name present in the home page into the notepad #2" classname="Create User" time="41.982"/>
  <testcase name="Writing the all links name present in the home page into the notepad #3" classname="Create User" time="51.049"/>
  <testcase name="Writing the all links name present in the home page into the notepad #4" classname="Create User" time="43.361"/>
  <testcase name="Writing the all links name present in the home page into the notepad #5" classname="Create User" time="36.977"/>
  <testcase name="Writing the all links name present in the home page into the notepad #6" classname="Create User" time="136.955">
    <error message="Expected condition failed: waiting for element to be clickable: Proxy element for: DefaultElementLocator &apos;By.xpath: //a[text()=&apos;home&apos;]&apos; (tried for 30 second(s) with 500 milliseconds interval)" type="org.openqa.selenium.TimeoutException">org.openqa.selenium.TimeoutException: Expected condition failed: waiting for element to be clickable: Proxy element for: DefaultElementLocator 'By.xpath: //a[text()='home']' (tried for 30 second(s) with 500 milliseconds interval)
Caused by: org.openqa.selenium.NoSuchElementException: 
no such element: Unable to locate element: {"method":"xpath","selector":"//a[text()='home']"}
  (Session info: chrome=84.0.4147.125)
For documentation on this error, please visit: https://www.seleniumhq.org/exceptions/no_such_element.html
Build info: version: '3.141.59', revision: 'e82be7d358', time: '2018-11-14T08:17:03'
System info: host: 'DESKTOP-7IHME2E', ip: '192.168.178.10', os.name: 'Windows 10', os.arch: 'amd64', os.version: '10.0', java.version: '13.0.1'
Driver info: org.openqa.selenium.chrome.ChromeDriver
Capabilities {acceptInsecureCerts: false, browserName: chrome, browserVersion: 84.0.4147.125, chrome: {chromedriverVersion: 83.0.4103.39 (ccbf011cb2d2b..., userDataDir: C:\Users\Win10\AppData\Loca...}, goog:chromeOptions: {debuggerAddress: localhost:56671}, javascriptEnabled: true, networkConnectionEnabled: false, pageLoadStrategy: normal, platform: WINDOWS, platformName: WINDOWS, proxy: Proxy(), setWindowRect: true, strictFileInteractability: false, timeouts: {implicit: 0, pageLoad: 300000, script: 30000}, unhandledPromptBehavior: dismiss and notify, webauthn:virtualAuthenticators: true}
Session ID: 51954cb84ae6d57aaece57078fb0eef3
*** Element info: {Using=xpath, value=//a[text()='home']}
</error>
    <system-out><![CDATA[08-18-2020 21:58:30 Hooks.java INFO  [main] Stepdefinitions.Hooks 23 - Loading chrome Driver
]]></system-out>
    <system-err><![CDATA[Starting ChromeDriver 83.0.4103.39 (ccbf011cb2d2b19b506d844400483861342c20cd-refs/branch-heads/4103@{#416}) on port 12522
Only local connections are allowed.
Please see https://chromedriver.chromium.org/security-considerations for suggestions on keeping ChromeDriver safe.
ChromeDriver was started successfully.
[1597768115.501][WARNING]: This version of ChromeDriver has not been tested with Chrome version 84.
Aug 18, 2020 9:58:37 PM org.openqa.selenium.remote.ProtocolHandshake createSession
INFO: Detected dialect: W3C
]]></system-err>
  </testcase>
  <testcase name="Writing the all links name present in the home page into the notepad #7" classname="Create User" time="28.228"/>
  <testcase name="Writing the all links name present in the home page into the notepad #8" classname="Create User" time="26.12"/>
  <testcase name="Writing the all links name present in the home page into the notepad #9" classname="Create User" time="27.884"/>
  <testcase name="Writing the all links name present in the home page into the notepad #10" classname="Create User" time="23.855"/>
  <testcase name="Opening new Account from the home page link #1" classname="Create User" time="47.702"/>
  <testcase name="Opening new Account from the home page link #2" classname="Create User" time="41.428"/>
  <testcase name="Opening new Account from the home page link #3" classname="Create User" time="52.776"/>
  <testcase name="Opening new Account from the home page link #4" classname="Create User" time="42.413"/>
  <testcase name="Opening new Account from the home page link #5" classname="Create User" time="53.018"/>
  <testcase name="Opening new Account from the home page link #6" classname="Create User" time="43.737"/>
  <testcase name="Opening new Account from the home page link #7" classname="Create User" time="43.11"/>
  <testcase name="Opening new Account from the home page link #8" classname="Create User" time="40.112"/>
  <testcase name="Opening new Account from the home page link #9" classname="Create User" time="48.838"/>
  <testcase name="Opening new Account from the home page link #10" classname="Create User" time="44.632"/>
</testsuite>